# JRE version: OpenJDK Runtime Environment Temurin-21.0.10+7 (21.0.10+7) (build 21.0.10+7-LTS)
# Java VM: OpenJDK 64-Bit Server VM Temurin-21.0.10+7 (21.0.10+7-LTS, mixed mode, sharing, tiered, compressed oops, compressed class ptrs, parallel gc, windows-amd64)
GC Precious Log:
 CardTable entry size: 512
 CPUs: 4 total, 4 available
 Memory: 7989M
 Large Page Support: Disabled
 NUMA Support: Disabled
 Compressed Oops: Enabled (32-bit)
 Alignments: Space 512K, Generation 512K, Heap 2M
 Heap Min Capacity: 100M
 Heap Initial Capacity: 100M
 Heap Max Capacity: 2G
 Pre-touch: Disabled
 Parallel Workers: 4
Heap:
 PSYoungGen      total 7168K, used 2626K [0x00000000d5580000, 0x00000000d6280000, 0x0000000100000000)
  eden space 6656K, 37% used [0x00000000d5580000,0x00000000d57f09b0,0x00000000d5c00000)
  from space 512K, 25% used [0x00000000d6200000,0x00000000d6220000,0x00000000d6280000)
  to   space 512K, 0% used [0x00000000d6180000,0x00000000d6180000,0x00000000d6200000)
 ParOldGen       total 305152K, used 304689K [0x0000000080000000, 0x0000000092a00000, 0x00000000d5580000)
  object space 305152K, 99% used [0x0000000080000000,0x000000009298c6e8,0x0000000092a00000)
 Metaspace       used 65823K, committed 67136K, reserved 1114112K
  class space    used 6914K, committed 7424K, reserved 1048576K
GC Heap History (20 events):
Event: 4898.567 GC heap before
{Heap before GC invocations=98 (full 3):
 PSYoungGen      total 12800K, used 12800K [0x00000000d5580000, 0x00000000d7b00000, 0x0000000100000000)
  eden space 6656K, 100% used [0x00000000d5580000,0x00000000d5c00000,0x00000000d5c00000)
  from space 6144K, 100% used [0x00000000d6a00000,0x00000000d7000000,0x00000000d7000000)
  to   space 14336K, 0% used [0x00000000d5c00000,0x00000000d5c00000,0x00000000d6a00000)
 ParOldGen       total 289280K, used 289046K [0x0000000080000000, 0x0000000091a80000, 0x00000000d5580000)
  object space 289280K, 99% used [0x0000000080000000,0x0000000091a45978,0x0000000091a80000)
 Metaspace       used 65360K, committed 66624K, reserved 1114112K
  class space    used 6873K, committed 7360K, reserved 1048576K
}
Event: 4898.587 GC heap after
{Heap after GC invocations=98 (full 3):
 PSYoungGen      total 12288K, used 5391K [0x00000000d5580000, 0x00000000d6c00000, 0x0000000100000000)
  eden space 6656K, 0% used [0x00000000d5580000,0x00000000d5580000,0x00000000d5c00000)
  from space 5632K, 95% used [0x00000000d5c00000,0x00000000d6143c60,0x00000000d6180000)
  to   space 8192K, 0% used [0x00000000d6400000,0x00000000d6400000,0x00000000d6c00000)
 ParOldGen       total 295424K, used 295235K [0x0000000080000000, 0x0000000092080000, 0x00000000d5580000)
  object space 295424K, 99% used [0x0000000080000000,0x0000000092050ed0,0x0000000092080000)
 Metaspace       used 65360K, committed 66624K, reserved 1114112K
  class space    used 6873K, committed 7360K, reserved 1048576K
}
Event: 4898.759 GC heap before
{Heap before GC invocations=99 (full 3):
 PSYoungGen      total 12288K, used 12047K [0x00000000d5580000, 0x00000000d6c00000, 0x0000000100000000)
  eden space 6656K, 100% used [0x00000000d5580000,0x00000000d5c00000,0x00000000d5c00000)
  from space 5632K, 95% used [0x00000000d5c00000,0x00000000d6143c60,0x00000000d6180000)
  to   space 8192K, 0% used [0x00000000d6400000,0x00000000d6400000,0x00000000d6c00000)
 ParOldGen       total 295424K, used 295235K [0x0000000080000000, 0x0000000092080000, 0x00000000d5580000)
  object space 295424K, 99% used [0x0000000080000000,0x0000000092050ed0,0x0000000092080000)
 Metaspace       used 65370K, committed 66624K, reserved 1114112K
  class space    used 6873K, committed 7360K, reserved 1048576K
}
Event: 4898.768 GC heap after
{Heap after GC invocations=99 (full 3):
 PSYoungGen      total 8704K, used 1831K [0x00000000d5580000, 0x00000000d6600000, 0x0000000100000000)
  eden space 6656K, 0% used [0x00000000d5580000,0x00000000d5580000,0x00000000d5c00000)
  from space 2048K, 89% used [0x00000000d6400000,0x00000000d65c9f80,0x00000000d6600000)
  to   space 4096K, 0% used [0x00000000d5e00000,0x00000000d5e00000,0x00000000d6200000)
 ParOldGen       total 300544K, used 300442K [0x0000000080000000, 0x0000000092580000, 0x00000000d5580000)
  object space 300544K, 99% used [0x0000000080000000,0x0000000092566ba0,0x0000000092580000)
 Metaspace       used 65370K, committed 66624K, reserved 1114112K
  class space    used 6873K, committed 7360K, reserved 1048576K
}
Event: 4898.837 GC heap before
{Heap before GC invocations=100 (full 3):
 PSYoungGen      total 8704K, used 8487K [0x00000000d5580000, 0x00000000d6600000, 0x0000000100000000)
  eden space 6656K, 100% used [0x00000000d5580000,0x00000000d5c00000,0x00000000d5c00000)
  from space 2048K, 89% used [0x00000000d6400000,0x00000000d65c9f80,0x00000000d6600000)
  to   space 4096K, 0% used [0x00000000d5e00000,0x00000000d5e00000,0x00000000d6200000)
 ParOldGen       total 300544K, used 300442K [0x0000000080000000, 0x0000000092580000, 0x00000000d5580000)
  object space 300544K, 99% used [0x0000000080000000,0x0000000092566ba0,0x0000000092580000)
 Metaspace       used 65395K, committed 66624K, reserved 1114112K
  class space    used 6873K, committed 7360K, reserved 1048576K
}
Event: 4898.845 GC heap after
{Heap after GC invocations=100 (full 3):
 PSYoungGen      total 10752K, used 1895K [0x00000000d5580000, 0x00000000d6480000, 0x0000000100000000)
  eden space 6656K, 0% used [0x00000000d5580000,0x00000000d5580000,0x00000000d5c00000)
  from space 4096K, 46% used [0x00000000d5e00000,0x00000000d5fd9e60,0x00000000d6200000)
  to   space 2560K, 0% used [0x00000000d6200000,0x00000000d6200000,0x00000000d6480000)
 ParOldGen       total 302592K, used 302208K [0x0000000080000000, 0x0000000092780000, 0x00000000d5580000)
  object space 302592K, 99% used [0x0000000080000000,0x0000000092720278,0x0000000092780000)
 Metaspace       used 65395K, committed 66624K, reserved 1114112K
  class space    used 6873K, committed 7360K, reserved 1048576K
}
Event: 93286.030 GC heap before
{Heap before GC invocations=101 (full 3):
 PSYoungGen      total 10752K, used 8551K [0x00000000d5580000, 0x00000000d6480000, 0x0000000100000000)
  eden space 6656K, 100% used [0x00000000d5580000,0x00000000d5c00000,0x00000000d5c00000)
  from space 4096K, 46% used [0x00000000d5e00000,0x00000000d5fd9e60,0x00000000d6200000)
  to   space 2560K, 0% used [0x00000000d6200000,0x00000000d6200000,0x00000000d6480000)
 ParOldGen       total 302592K, used 302208K [0x0000000080000000, 0x0000000092780000, 0x00000000d5580000)
  object space 302592K, 99% used [0x0000000080000000,0x0000000092720278,0x0000000092780000)
 Metaspace       used 65819K, committed 67136K, reserved 1114112K
  class space    used 6914K, committed 7424K, reserved 1048576K
}
Event: 93286.473 GC heap after
{Heap after GC invocations=101 (full 3):
 PSYoungGen      total 7680K, used 688K [0x00000000d5580000, 0x00000000d6300000, 0x0000000100000000)
  eden space 6656K, 0% used [0x00000000d5580000,0x00000000d5580000,0x00000000d5c00000)
  from space 1024K, 67% used [0x00000000d6200000,0x00000000d62ac030,0x00000000d6300000)
  to   space 1536K, 0% used [0x00000000d6000000,0x00000000d6000000,0x00000000d6180000)
 ParOldGen       total 304128K, used 304045K [0x0000000080000000, 0x0000000092900000, 0x00000000d5580000)
  object space 304128K, 99% used [0x0000000080000000,0x00000000928eb6a8,0x0000000092900000)
 Metaspace       used 65819K, committed 67136K, reserved 1114112K
  class space    used 6914K, committed 7424K, reserved 1048576K
}
Event: 93298.662 GC heap before
{Heap before GC invocations=102 (full 3):
 PSYoungGen      total 7680K, used 7344K [0x00000000d5580000, 0x00000000d6300000, 0x0000000100000000)
  eden space 6656K, 100% used [0x00000000d5580000,0x00000000d5c00000,0x00000000d5c00000)
  from space 1024K, 67% used [0x00000000d6200000,0x00000000d62ac030,0x00000000d6300000)
  to   space 1536K, 0% used [0x00000000d6000000,0x00000000d6000000,0x00000000d6180000)
 ParOldGen       total 304128K, used 304045K [0x0000000080000000, 0x0000000092900000, 0x00000000d5580000)
  object space 304128K, 99% used [0x0000000080000000,0x00000000928eb6a8,0x0000000092900000)
 Metaspace       used 65819K, committed 67136K, reserved 1114112K
  class space    used 6914K, committed 7424K, reserved 1048576K
}
Event: 93298.673 GC heap after
{Heap after GC invocations=102 (full 3):
 PSYoungGen      total 8192K, used 128K [0x00000000d5580000, 0x00000000d6280000, 0x0000000100000000)
  eden space 6656K, 0% used [0x00000000d5580000,0x00000000d5580000,0x00000000d5c00000)
  from space 1536K, 8% used [0x00000000d6000000,0x00000000d6020000,0x00000000d6180000)
  to   space 512K, 0% used [0x00000000d6200000,0x00000000d6200000,0x00000000d6280000)
 ParOldGen       total 305152K, used 304657K [0x0000000080000000, 0x0000000092a00000, 0x00000000d5580000)
  object space 305152K, 99% used [0x0000000080000000,0x00000000929846e8,0x0000000092a00000)
 Metaspace       used 65819K, committed 67136K, reserved 1114112K
  class space    used 6914K, committed 7424K, reserved 1048576K
}
Event: 93316.269 GC heap before
{Heap before GC invocations=103 (full 3):
 PSYoungGen      total 8192K, used 6784K [0x00000000d5580000, 0x00000000d6280000, 0x0000000100000000)
  eden space 6656K, 100% used [0x00000000d5580000,0x00000000d5c00000,0x00000000d5c00000)
  from space 1536K, 8% used [0x00000000d6000000,0x00000000d6020000,0x00000000d6180000)
  to   space 512K, 0% used [0x00000000d6200000,0x00000000d6200000,0x00000000d6280000)
 ParOldGen       total 305152K, used 304657K [0x0000000080000000, 0x0000000092a00000, 0x00000000d5580000)
  object space 305152K, 99% used [0x0000000080000000,0x00000000929846e8,0x0000000092a00000)
 Metaspace       used 65819K, committed 67136K, reserved 1114112K
  class space    used 6914K, committed 7424K, reserved 1048576K
}
Event: 93316.271 GC heap after
{Heap after GC invocations=103 (full 3):
 PSYoungGen      total 7168K, used 128K [0x00000000d5580000, 0x00000000d6280000, 0x0000000100000000)
  eden space 6656K, 0% used [0x00000000d5580000,0x00000000d5580000,0x00000000d5c00000)
  from space 512K, 25% used [0x00000000d6200000,0x00000000d6220000,0x00000000d6280000)
  to   space 512K, 0% used [0x00000000d6180000,0x00000000d6180000,0x00000000d6200000)
 ParOldGen       total 305152K, used 304665K [0x0000000080000000, 0x0000000092a00000, 0x00000000d5580000)
  object space 305152K, 99% used [0x0000000080000000,0x00000000929866e8,0x0000000092a00000)
 Metaspace       used 65819K, committed 67136K, reserved 1114112K
  class space    used 6914K, committed 7424K, reserved 1048576K
}
Event: 93577.742 GC heap before
{Heap before GC invocations=104 (full 3):
 PSYoungGen      total 7168K, used 6784K [0x00000000d5580000, 0x00000000d6280000, 0x0000000100000000)
  eden space 6656K, 100% used [0x00000000d5580000,0x00000000d5c00000,0x00000000d5c00000)
  from space 512K, 25% used [0x00000000d6200000,0x00000000d6220000,0x00000000d6280000)
  to   space 512K, 0% used [0x00000000d6180000,0x00000000d6180000,0x00000000d6200000)
 ParOldGen       total 305152K, used 304665K [0x0000000080000000, 0x0000000092a00000, 0x00000000d5580000)
  object space 305152K, 99% used [0x0000000080000000,0x00000000929866e8,0x0000000092a00000)
 Metaspace       used 65820K, committed 67136K, reserved 1114112K
  class space    used 6914K, committed 7424K, reserved 1048576K
}
Event: 93577.843 GC heap after
{Heap after GC invocations=104 (full 3):
 PSYoungGen      total 7168K, used 128K [0x00000000d5580000, 0x00000000d6280000, 0x0000000100000000)
  eden space 6656K, 0% used [0x00000000d5580000,0x00000000d5580000,0x00000000d5c00000)
  from space 512K, 25% used [0x00000000d6180000,0x00000000d61a0000,0x00000000d6200000)
  to   space 512K, 0% used [0x00000000d6200000,0x00000000d6200000,0x00000000d6280000)
 ParOldGen       total 305152K, used 304665K [0x0000000080000000, 0x0000000092a00000, 0x00000000d5580000)
  object space 305152K, 99% used [0x0000000080000000,0x00000000929866e8,0x0000000092a00000)
 Metaspace       used 65820K, committed 67136K, reserved 1114112K
  class space    used 6914K, committed 7424K, reserved 1048576K
}
Event: 93698.596 GC heap before
{Heap before GC invocations=105 (full 3):
 PSYoungGen      total 7168K, used 6784K [0x00000000d5580000, 0x00000000d6280000, 0x0000000100000000)
  eden space 6656K, 100% used [0x00000000d5580000,0x00000000d5c00000,0x00000000d5c00000)
  from space 512K, 25% used [0x00000000d6180000,0x00000000d61a0000,0x00000000d6200000)
  to   space 512K, 0% used [0x00000000d6200000,0x00000000d6200000,0x00000000d6280000)
 ParOldGen       total 305152K, used 304665K [0x0000000080000000, 0x0000000092a00000, 0x00000000d5580000)
  object space 305152K, 99% used [0x0000000080000000,0x00000000929866e8,0x0000000092a00000)
 Metaspace       used 65823K, committed 67136K, reserved 1114112K
  class space    used 6914K, committed 7424K, reserved 1048576K
}
Event: 93698.597 GC heap after
{Heap after GC invocations=105 (full 3):
 PSYoungGen      total 7168K, used 128K [0x00000000d5580000, 0x00000000d6280000, 0x0000000100000000)
  eden space 6656K, 0% used [0x00000000d5580000,0x00000000d5580000,0x00000000d5c00000)
  from space 512K, 25% used [0x00000000d6200000,0x00000000d6220000,0x00000000d6280000)
  to   space 512K, 0% used [0x00000000d6180000,0x00000000d6180000,0x00000000d6200000)
 ParOldGen       total 305152K, used 304665K [0x0000000080000000, 0x0000000092a00000, 0x00000000d5580000)
  object space 305152K, 99% used [0x0000000080000000,0x00000000929866e8,0x0000000092a00000)
 Metaspace       used 65823K, committed 67136K, reserved 1114112K
  class space    used 6914K, committed 7424K, reserved 1048576K
}
Event: 93700.292 GC heap before
{Heap before GC invocations=106 (full 3):
 PSYoungGen      total 7168K, used 6784K [0x00000000d5580000, 0x00000000d6280000, 0x0000000100000000)
  eden space 6656K, 100% used [0x00000000d5580000,0x00000000d5c00000,0x00000000d5c00000)
  from space 512K, 25% used [0x00000000d6200000,0x00000000d6220000,0x00000000d6280000)
  to   space 512K, 0% used [0x00000000d6180000,0x00000000d6180000,0x00000000d6200000)
 ParOldGen       total 305152K, used 304665K [0x0000000080000000, 0x0000000092a00000, 0x00000000d5580000)
  object space 305152K, 99% used [0x0000000080000000,0x00000000929866e8,0x0000000092a00000)
 Metaspace       used 65823K, committed 67136K, reserved 1114112K
  class space    used 6914K, committed 7424K, reserved 1048576K
}
Event: 93700.295 GC heap after
{Heap after GC invocations=106 (full 3):
 PSYoungGen      total 7168K, used 128K [0x00000000d5580000, 0x00000000d6280000, 0x0000000100000000)
  eden space 6656K, 0% used [0x00000000d5580000,0x00000000d5580000,0x00000000d5c00000)
  from space 512K, 25% used [0x00000000d6180000,0x00000000d61a0000,0x00000000d6200000)
  to   space 512K, 0% used [0x00000000d6200000,0x00000000d6200000,0x00000000d6280000)
 ParOldGen       total 305152K, used 304689K [0x0000000080000000, 0x0000000092a00000, 0x00000000d5580000)
  object space 305152K, 99% used [0x0000000080000000,0x000000009298c6e8,0x0000000092a00000)
 Metaspace       used 65823K, committed 67136K, reserved 1114112K
  class space    used 6914K, committed 7424K, reserved 1048576K
}
Event: 93702.888 GC heap before
{Heap before GC invocations=107 (full 3):
 PSYoungGen      total 7168K, used 6784K [0x00000000d5580000, 0x00000000d6280000, 0x0000000100000000)
  eden space 6656K, 100% used [0x00000000d5580000,0x00000000d5c00000,0x00000000d5c00000)
  from space 512K, 25% used [0x00000000d6180000,0x00000000d61a0000,0x00000000d6200000)
  to   space 512K, 0% used [0x00000000d6200000,0x00000000d6200000,0x00000000d6280000)
 ParOldGen       total 305152K, used 304689K [0x0000000080000000, 0x0000000092a00000, 0x00000000d5580000)
  object space 305152K, 99% used [0x0000000080000000,0x000000009298c6e8,0x0000000092a00000)
 Metaspace       used 65823K, committed 67136K, reserved 1114112K
  class space    used 6914K, committed 7424K, reserved 1048576K
}
Event: 93702.889 GC heap after
{Heap after GC invocations=107 (full 3):
 PSYoungGen      total 7168K, used 128K [0x00000000d5580000, 0x00000000d6280000, 0x0000000100000000)
  eden space 6656K, 0% used [0x00000000d5580000,0x00000000d5580000,0x00000000d5c00000)
  from space 512K, 25% used [0x00000000d6200000,0x00000000d6220000,0x00000000d6280000)
  to   space 512K, 0% used [0x00000000d6180000,0x00000000d6180000,0x00000000d6200000)
 ParOldGen       total 305152K, used 304689K [0x0000000080000000, 0x0000000092a00000, 0x00000000d5580000)
  object space 305152K, 99% used [0x0000000080000000,0x000000009298c6e8,0x0000000092a00000)
 Metaspace       used 65823K, committed 67136K, reserved 1114112K
  class space    used 6914K, committed 7424K, reserved 1048576K
}

