# JRE version: OpenJDK Runtime Environment Temurin-21.0.9+10 (21.0.9+10) (build 21.0.9+10-LTS)
# Java VM: OpenJDK 64-Bit Server VM Temurin-21.0.9+10 (21.0.9+10-LTS, mixed mode, sharing, tiered, compressed oops, compressed class ptrs, g1 gc, windows-amd64)
GC Precious Log:
 CardTable entry size: 512
 Card Set container configuration: InlinePtr #cards 5 size 8 Array Of Cards #cards 12 size 40 Howl #buckets 4 coarsen threshold 1843 Howl Bitmap #cards 512 size 80 coarsen threshold 460 Card regions per heap region 1 cards per card region 2048
 CPUs: 4 total, 4 available
 Memory: 7989M
 Large Page Support: Disabled
 NUMA Support: Disabled
 Compressed Oops: Enabled (32-bit)
 Heap Region Size: 1M
 Heap Min Capacity: 8M
 Heap Initial Capacity: 126M
 Heap Max Capacity: 1998M
 Pre-touch: Disabled
 Parallel Workers: 4
 Concurrent Workers: 1
 Concurrent Refinement Workers: 4
 Periodic GC: Disabled
Heap:
 garbage-first heap   total 118784K, used 31589K [0x0000000083200000, 0x0000000100000000)
  region size 1024K, 7 young (7168K), 1 survivors (1024K)
 Metaspace       used 41974K, committed 42752K, reserved 1114112K
  class space    used 5117K, committed 5440K, reserved 1048576K
GC Heap History (20 events):
Event: 19.036 GC heap before
{Heap before GC invocations=10 (full 0):
 garbage-first heap   total 45056K, used 39506K [0x0000000083200000, 0x0000000100000000)
  region size 1024K, 21 young (21504K), 1 survivors (1024K)
 Metaspace       used 29145K, committed 29632K, reserved 1114112K
  class space    used 3234K, committed 3456K, reserved 1048576K
}
Event: 19.037 GC heap after
{Heap after GC invocations=11 (full 0):
 garbage-first heap   total 45056K, used 19009K [0x0000000083200000, 0x0000000100000000)
  region size 1024K, 1 young (1024K), 1 survivors (1024K)
 Metaspace       used 29145K, committed 29632K, reserved 1114112K
  class space    used 3234K, committed 3456K, reserved 1048576K
}
Event: 19.379 GC heap before
{Heap before GC invocations=11 (full 0):
 garbage-first heap   total 45056K, used 39489K [0x0000000083200000, 0x0000000100000000)
  region size 1024K, 21 young (21504K), 1 survivors (1024K)
 Metaspace       used 29145K, committed 29632K, reserved 1114112K
  class space    used 3234K, committed 3456K, reserved 1048576K
}
Event: 19.380 GC heap after
{Heap after GC invocations=12 (full 0):
 garbage-first heap   total 45056K, used 19010K [0x0000000083200000, 0x0000000100000000)
  region size 1024K, 1 young (1024K), 1 survivors (1024K)
 Metaspace       used 29145K, committed 29632K, reserved 1114112K
  class space    used 3234K, committed 3456K, reserved 1048576K
}
Event: 25.465 GC heap before
{Heap before GC invocations=12 (full 0):
 garbage-first heap   total 45056K, used 39490K [0x0000000083200000, 0x0000000100000000)
  region size 1024K, 22 young (22528K), 1 survivors (1024K)
 Metaspace       used 33523K, committed 34112K, reserved 1114112K
  class space    used 3723K, committed 3968K, reserved 1048576K
}
Event: 25.472 GC heap after
{Heap after GC invocations=13 (full 0):
 garbage-first heap   total 45056K, used 20937K [0x0000000083200000, 0x0000000100000000)
  region size 1024K, 2 young (2048K), 2 survivors (2048K)
 Metaspace       used 33523K, committed 34112K, reserved 1114112K
  class space    used 3723K, committed 3968K, reserved 1048576K
}
Event: 27.895 GC heap before
{Heap before GC invocations=13 (full 0):
 garbage-first heap   total 45056K, used 40393K [0x0000000083200000, 0x0000000100000000)
  region size 1024K, 21 young (21504K), 2 survivors (2048K)
 Metaspace       used 35068K, committed 35840K, reserved 1114112K
  class space    used 3938K, committed 4288K, reserved 1048576K
}
Event: 27.913 GC heap after
{Heap after GC invocations=14 (full 0):
 garbage-first heap   total 48128K, used 25858K [0x0000000083200000, 0x0000000100000000)
  region size 1024K, 3 young (3072K), 3 survivors (3072K)
 Metaspace       used 35068K, committed 35840K, reserved 1114112K
  class space    used 3938K, committed 4288K, reserved 1048576K
}
Event: 28.052 GC heap before
{Heap before GC invocations=14 (full 0):
 garbage-first heap   total 48128K, used 27906K [0x0000000083200000, 0x0000000100000000)
  region size 1024K, 6 young (6144K), 3 survivors (3072K)
 Metaspace       used 35272K, committed 35968K, reserved 1114112K
  class space    used 3958K, committed 4288K, reserved 1048576K
}
Event: 28.061 GC heap after
{Heap after GC invocations=15 (full 0):
 garbage-first heap   total 48128K, used 25737K [0x0000000083200000, 0x0000000100000000)
  region size 1024K, 1 young (1024K), 1 survivors (1024K)
 Metaspace       used 35272K, committed 35968K, reserved 1114112K
  class space    used 3958K, committed 4288K, reserved 1048576K
}
Event: 29.875 GC heap before
{Heap before GC invocations=16 (full 0):
 garbage-first heap   total 48128K, used 39049K [0x0000000083200000, 0x0000000100000000)
  region size 1024K, 14 young (14336K), 1 survivors (1024K)
 Metaspace       used 37316K, committed 38144K, reserved 1114112K
  class space    used 4265K, committed 4672K, reserved 1048576K
}
Event: 29.881 GC heap after
{Heap after GC invocations=17 (full 0):
 garbage-first heap   total 48128K, used 26657K [0x0000000083200000, 0x0000000100000000)
  region size 1024K, 2 young (2048K), 2 survivors (2048K)
 Metaspace       used 37316K, committed 38144K, reserved 1114112K
  class space    used 4265K, committed 4672K, reserved 1048576K
}
Event: 31.021 GC heap before
{Heap before GC invocations=17 (full 0):
 garbage-first heap   total 48128K, used 39969K [0x0000000083200000, 0x0000000100000000)
  region size 1024K, 15 young (15360K), 2 survivors (2048K)
 Metaspace       used 38432K, committed 39232K, reserved 1114112K
  class space    used 4552K, committed 4928K, reserved 1048576K
}
Event: 31.032 GC heap after
{Heap after GC invocations=18 (full 0):
 garbage-first heap   total 48128K, used 25196K [0x0000000083200000, 0x0000000100000000)
  region size 1024K, 1 young (1024K), 1 survivors (1024K)
 Metaspace       used 38432K, committed 39232K, reserved 1114112K
  class space    used 4552K, committed 4928K, reserved 1048576K
}
Event: 34.474 GC heap before
{Heap before GC invocations=18 (full 0):
 garbage-first heap   total 48128K, used 40556K [0x0000000083200000, 0x0000000100000000)
  region size 1024K, 16 young (16384K), 1 survivors (1024K)
 Metaspace       used 39804K, committed 40640K, reserved 1114112K
  class space    used 4851K, committed 5248K, reserved 1048576K
}
Event: 34.482 GC heap after
{Heap after GC invocations=19 (full 0):
 garbage-first heap   total 48128K, used 26541K [0x0000000083200000, 0x0000000100000000)
  region size 1024K, 2 young (2048K), 2 survivors (2048K)
 Metaspace       used 39804K, committed 40640K, reserved 1114112K
  class space    used 4851K, committed 5248K, reserved 1048576K
}
Event: 42.892 GC heap before
{Heap before GC invocations=20 (full 0):
 garbage-first heap   total 48128K, used 40877K [0x0000000083200000, 0x0000000100000000)
  region size 1024K, 16 young (16384K), 2 survivors (2048K)
 Metaspace       used 39888K, committed 40704K, reserved 1114112K
  class space    used 4852K, committed 5248K, reserved 1048576K
}
Event: 42.899 GC heap after
{Heap after GC invocations=21 (full 0):
 garbage-first heap   total 48128K, used 26711K [0x0000000083200000, 0x0000000100000000)
  region size 1024K, 1 young (1024K), 1 survivors (1024K)
 Metaspace       used 39888K, committed 40704K, reserved 1114112K
  class space    used 4852K, committed 5248K, reserved 1048576K
}
Event: 112.353 GC heap before
{Heap before GC invocations=21 (full 0):
 garbage-first heap   total 118784K, used 114775K [0x0000000083200000, 0x0000000100000000)
  region size 1024K, 14 young (14336K), 1 survivors (1024K)
 Metaspace       used 41263K, committed 42048K, reserved 1114112K
  class space    used 5017K, committed 5376K, reserved 1048576K
}
Event: 112.369 GC heap after
{Heap after GC invocations=22 (full 0):
 garbage-first heap   total 118784K, used 26469K [0x0000000083200000, 0x0000000100000000)
  region size 1024K, 1 young (1024K), 1 survivors (1024K)
 Metaspace       used 41263K, committed 42048K, reserved 1114112K
  class space    used 5017K, committed 5376K, reserved 1048576K
}

